<?xml version="1.0" encoding="utf-8"?><testsuites name="pytest tests"><testsuite name="pytest" errors="0" failures="0" skipped="0" tests="8" time="1.211" timestamp="2026-07-18T12:33:44.610256+00:00" hostname="agent-env-a8c6c4c1-7fba-4dd3-a82f-7347039b915a"><testcase classname="backend.tests.test_puzzle_api.TestHealth" name="test_root_running" time="0.273" /><testcase classname="backend.tests.test_puzzle_api.TestScores" name="test_create_score" time="0.102" /><testcase classname="backend.tests.test_puzzle_api.TestScores" name="test_create_score_timed" time="0.103" /><testcase classname="backend.tests.test_puzzle_api.TestScores" name="test_best_score_after_create" time="0.211" /><testcase classname="backend.tests.test_puzzle_api.TestScores" name="test_best_score_empty_combo" time="0.127" /><testcase classname="backend.tests.test_puzzle_api.TestScores" name="test_recent_scores" time="0.133" /><testcase classname="backend.tests.test_puzzle_api.TestScores" name="test_recent_scores_limit" time="0.106" /><testcase classname="backend.tests.test_puzzle_api.TestScores" name="test_create_score_invalid" time="0.095" /></testsuite></testsuites>